*** Using Compiler 'V5.06 update 7 (build 960)', folder: 'D:\Keil Arm\ARM\ARMCC\Bin'
Rebuild target 'Project'
compiling py32f003xx_Start_Kit.c...
compiling py32f0xx_hal.c...
compiling Drive_Button.c...
compiling py32f0xx_hal_comp.c...
compiling Drive_Encoder.c...
compiling py32f0xx_hal_adc.c...
compiling py32f0xx_hal_cortex.c...
compiling Drive_DesplayLcd.c...
compiling py32f0xx_hal_crc.c...
compiling Drive_adc.c...
compiling Drive_Buz.c...
compiling Drive_clock.c...
compiling Drive_Iwdg.c...
compiling Drive_BackLed.c...
compiling Drive_flash.c...
compiling Drive_uart.c...
compiling Drive_MosSwitch.c...
compiling py32f0xx_hal_exti.c...
compiling py32f0xx_hal_i2c.c...
compiling py32f0xx_hal_dma.c...
compiling py32f0xx_hal_gpio.c...
compiling py32f0xx_hal_flash.c...
compiling py32f0xx_hal_iwdg.c...
compiling py32f0xx_hal_irda.c...
compiling py32f0xx_hal_led.c...
compiling py32f0xx_hal_lptim.c...
compiling py32f0xx_hal_pwr.c...
compiling py32f0xx_hal_rtc.c...
compiling py32f0xx_hal_spi.c...
compiling py32f0xx_hal_rtc_ex.c...
compiling py32f0xx_hal_rcc_ex.c...
compiling py32f0xx_hal_rcc.c...
compiling py32f0xx_hal_tim_ex.c...
compiling py32f0xx_hal_tim.c...
compiling py32f0xx_hal_usart.c...
assembling startup_py32f003xx.s...
compiling py32f0xx_hal_uart.c...
compiling py32f0xx_hal_wwdg.c...
compiling APP_TimeSlice.c...
compiling APP_displayLcd.c...
compiling APP_pid.c...
compiling APP_math.c...
compiling APP_HCI.c...
compiling APP_Coder.c...
compiling APP_BuzMusic.c...
compiling py32f0xx_it.c...
compiling py32f0xx_hal_msp.c...
compiling system_py32f0xx.c...
compiling arm_fir_f32.c...
compiling main.c...
linking...
Program Size: Code=21856 RO-data=436 RW-data=1036 ZI-data=1572  
FromELF: creating hex file...
".\Objects\OSS-T210_Project.axf" - 0 Error(s), 0 Warning(s).
Build Time Elapsed:  00:00:06
